<?xml version="1.0" encoding="UTF-8"?>
<!-- Generated by org.testng.reporters.JUnitReportReporter -->
<testsuite hostname="Sonus-MacBook-Air.local" failures="0" tests="39" name="runner.TestRunner" time="55.829" errors="0" timestamp="2024-07-06T00:08:07 EDT" skipped="0">
  <testcase classname="runner.TestRunner" name="runScenario" time="0.483"/>
  <testcase classname="runner.TestRunner" name="runScenario" time="0.348"/>
  <testcase classname="runner.TestRunner" name="runScenario" time="0.844"/>
  <testcase classname="runner.TestRunner" name="runScenario" time="0.338"/>
  <testcase classname="runner.TestRunner" name="runScenario" time="3.712"/>
  <testcase classname="runner.TestRunner" name="runScenario" time="0.294"/>
  <testcase classname="runner.TestRunner" name="runScenario" time="0.325"/>
  <testcase classname="runner.TestRunner" name="runScenario" time="0.458"/>
  <testcase classname="runner.TestRunner" name="runScenario" time="0.406"/>
  <testcase classname="runner.TestRunner" name="runScenario" time="0.634"/>
  <testcase classname="runner.TestRunner" name="runScenario" time="0.453"/>
  <testcase classname="runner.TestRunner" name="runScenario" time="1.148"/>
  <testcase classname="runner.TestRunner" name="runScenario" time="2.576"/>
  <testcase classname="runner.TestRunner" name="runScenario" time="4.815"/>
  <testcase classname="runner.TestRunner" name="runScenario" time="0.376"/>
  <testcase classname="runner.TestRunner" name="runScenario" time="0.828"/>
  <testcase classname="runner.TestRunner" name="runScenario" time="0.406"/>
  <testcase classname="runner.TestRunner" name="runScenario" time="0.425"/>
  <testcase classname="runner.TestRunner" name="runScenario" time="0.421"/>
  <testcase classname="runner.TestRunner" name="runScenario" time="6.035"/>
  <testcase classname="runner.TestRunner" name="runScenario" time="2.661"/>
  <testcase classname="runner.TestRunner" name="runScenario" time="0.849"/>
  <testcase classname="runner.TestRunner" name="runScenario" time="0.480"/>
  <testcase classname="runner.TestRunner" name="runScenario" time="0.631"/>
  <testcase classname="runner.TestRunner" name="runScenario" time="0.454"/>
  <testcase classname="runner.TestRunner" name="runScenario" time="0.362"/>
  <testcase classname="runner.TestRunner" name="runScenario" time="5.833"/>
  <testcase classname="runner.TestRunner" name="runScenario" time="4.830"/>
  <testcase classname="runner.TestRunner" name="runScenario" time="2.649"/>
  <testcase classname="runner.TestRunner" name="runScenario" time="0.563"/>
  <testcase classname="runner.TestRunner" name="runScenario" time="0.955"/>
  <testcase classname="runner.TestRunner" name="runScenario" time="0.529"/>
  <testcase classname="runner.TestRunner" name="runScenario" time="0.441"/>
  <testcase classname="runner.TestRunner" name="runScenario" time="3.083"/>
  <testcase classname="runner.TestRunner" name="runScenario" time="2.693"/>
  <testcase classname="runner.TestRunner" name="runScenario" time="0.428"/>
  <testcase classname="runner.TestRunner" name="runScenario" time="2.426"/>
  <testcase classname="runner.TestRunner" name="runScenario" time="0.322"/>
  <testcase classname="runner.TestRunner" name="runScenario" time="0.315"/>
</testsuite> <!-- runner.TestRunner -->
